Analysis & Synthesis report for PBL2
Wed Nov 29 00:57:02 2023
Quartus Prime Version 20.1.1 Build 720 11/11/2020 SJ Lite Edition


---------------------
; Table of Contents ;
---------------------
  1. Legal Notice
  2. Analysis & Synthesis Summary
  3. Analysis & Synthesis Settings
  4. Parallel Compilation
  5. Analysis & Synthesis Source Files Read
  6. Analysis & Synthesis Resource Usage Summary
  7. Analysis & Synthesis Resource Utilization by Entity
  8. General Register Statistics
  9. Port Connectivity Checks: "Demux1_4_7seg:demux2"
 10. Port Connectivity Checks: "Contador_2bits:cont_2|flip_flop_d:dff1"
 11. Port Connectivity Checks: "Contador_2bits:cont_2"
 12. Port Connectivity Checks: "divided_frequecy:did_f|flip_flop_d:dff17"
 13. Port Connectivity Checks: "divided_frequecy:did_f"
 14. Analysis & Synthesis Messages



----------------
; Legal Notice ;
----------------
Copyright (C) 2020  Intel Corporation. All rights reserved.
Your use of Intel Corporation's design tools, logic functions 
and other software and tools, and any partner logic 
functions, and any output files from any of the foregoing 
(including device programming or simulation files), and any 
associated documentation or information are expressly subject 
to the terms and conditions of the Intel Program License 
Subscription Agreement, the Intel Quartus Prime License Agreement,
the Intel FPGA IP License Agreement, or other applicable license
agreement, including, without limitation, that your use is for
the sole purpose of programming logic devices manufactured by
Intel and sold by Intel or its authorized distributors.  Please
refer to the applicable agreement for further details, at
https://fpgasoftware.intel.com/eula.



+---------------------------------------------------------------------------+
; Analysis & Synthesis Summary                                              ;
+-----------------------------+---------------------------------------------+
; Analysis & Synthesis Status ; Successful - Wed Nov 29 00:57:02 2023       ;
; Quartus Prime Version       ; 20.1.1 Build 720 11/11/2020 SJ Lite Edition ;
; Revision Name               ; PBL2                                        ;
; Top-level Entity Name       ; mux_display                                 ;
; Family                      ; MAX II                                      ;
; Total logic elements        ; 24                                          ;
; Total pins                  ; 13                                          ;
; Total virtual pins          ; 0                                           ;
; UFM blocks                  ; 0 / 1 ( 0 % )                               ;
+-----------------------------+---------------------------------------------+


+------------------------------------------------------------------------------------------------------------+
; Analysis & Synthesis Settings                                                                              ;
+------------------------------------------------------------------+--------------------+--------------------+
; Option                                                           ; Setting            ; Default Value      ;
+------------------------------------------------------------------+--------------------+--------------------+
; Device                                                           ; EPM240T100C5       ;                    ;
; Top-level entity name                                            ; mux_display        ; PBL2               ;
; Family name                                                      ; MAX II             ; Cyclone V          ;
; Use smart compilation                                            ; Off                ; Off                ;
; Enable parallel Assembler and Timing Analyzer during compilation ; On                 ; On                 ;
; Enable compact report table                                      ; Off                ; Off                ;
; Restructure Multiplexers                                         ; Auto               ; Auto               ;
; Create Debugging Nodes for IP Cores                              ; Off                ; Off                ;
; Preserve fewer node names                                        ; On                 ; On                 ;
; Intel FPGA IP Evaluation Mode                                    ; Enable             ; Enable             ;
; Verilog Version                                                  ; Verilog_2001       ; Verilog_2001       ;
; VHDL Version                                                     ; VHDL_1993          ; VHDL_1993          ;
; State Machine Processing                                         ; Auto               ; Auto               ;
; Safe State Machine                                               ; Off                ; Off                ;
; Extract Verilog State Machines                                   ; On                 ; On                 ;
; Extract VHDL State Machines                                      ; On                 ; On                 ;
; Ignore Verilog initial constructs                                ; Off                ; Off                ;
; Iteration limit for constant Verilog loops                       ; 5000               ; 5000               ;
; Iteration limit for non-constant Verilog loops                   ; 250                ; 250                ;
; Add Pass-Through Logic to Inferred RAMs                          ; On                 ; On                 ;
; Infer RAMs from Raw Logic                                        ; On                 ; On                 ;
; Parallel Synthesis                                               ; On                 ; On                 ;
; NOT Gate Push-Back                                               ; On                 ; On                 ;
; Power-Up Don't Care                                              ; On                 ; On                 ;
; Remove Redundant Logic Cells                                     ; Off                ; Off                ;
; Remove Duplicate Registers                                       ; On                 ; On                 ;
; Ignore CARRY Buffers                                             ; Off                ; Off                ;
; Ignore CASCADE Buffers                                           ; Off                ; Off                ;
; Ignore GLOBAL Buffers                                            ; Off                ; Off                ;
; Ignore ROW GLOBAL Buffers                                        ; Off                ; Off                ;
; Ignore LCELL Buffers                                             ; Off                ; Off                ;
; Ignore SOFT Buffers                                              ; On                 ; On                 ;
; Limit AHDL Integers to 32 Bits                                   ; Off                ; Off                ;
; Optimization Technique                                           ; Balanced           ; Balanced           ;
; Carry Chain Length                                               ; 70                 ; 70                 ;
; Auto Carry Chains                                                ; On                 ; On                 ;
; Auto Open-Drain Pins                                             ; On                 ; On                 ;
; Perform WYSIWYG Primitive Resynthesis                            ; Off                ; Off                ;
; Auto Shift Register Replacement                                  ; Auto               ; Auto               ;
; Allow Shift Register Merging across Hierarchies                  ; Auto               ; Auto               ;
; Auto Clock Enable Replacement                                    ; On                 ; On                 ;
; Allow Synchronous Control Signals                                ; On                 ; On                 ;
; Force Use of Synchronous Clear Signals                           ; Off                ; Off                ;
; Auto Resource Sharing                                            ; Off                ; Off                ;
; Use LogicLock Constraints during Resource Balancing              ; On                 ; On                 ;
; Ignore translate_off and synthesis_off directives                ; Off                ; Off                ;
; Report Parameter Settings                                        ; On                 ; On                 ;
; Report Source Assignments                                        ; On                 ; On                 ;
; Report Connectivity Checks                                       ; On                 ; On                 ;
; Ignore Maximum Fan-Out Assignments                               ; Off                ; Off                ;
; Synchronization Register Chain Length                            ; 2                  ; 2                  ;
; Power Optimization During Synthesis                              ; Normal compilation ; Normal compilation ;
; HDL message level                                                ; Level2             ; Level2             ;
; Suppress Register Optimization Related Messages                  ; Off                ; Off                ;
; Number of Removed Registers Reported in Synthesis Report         ; 5000               ; 5000               ;
; Number of Swept Nodes Reported in Synthesis Report               ; 5000               ; 5000               ;
; Number of Inverted Registers Reported in Synthesis Report        ; 100                ; 100                ;
; Clock MUX Protection                                             ; On                 ; On                 ;
; Block Design Naming                                              ; Auto               ; Auto               ;
; Synthesis Effort                                                 ; Auto               ; Auto               ;
; Shift Register Replacement - Allow Asynchronous Clear Signal     ; On                 ; On                 ;
; Analysis & Synthesis Message Level                               ; Medium             ; Medium             ;
; Disable Register Merging Across Hierarchies                      ; Auto               ; Auto               ;
+------------------------------------------------------------------+--------------------+--------------------+


+------------------------------------------+
; Parallel Compilation                     ;
+----------------------------+-------------+
; Processors                 ; Number      ;
+----------------------------+-------------+
; Number detected on machine ; 12          ;
; Maximum allowed            ; 12          ;
;                            ;             ;
; Average used               ; 1.00        ;
; Maximum used               ; 1           ;
;                            ;             ;
; Usage by Processor         ; % Time Used ;
;     Processor 1            ; 100.0%      ;
+----------------------------+-------------+


+-------------------------------------------------------------------------------------------------------------------------------------------------------------------------+
; Analysis & Synthesis Source Files Read                                                                                                                                  ;
+----------------------------------+-----------------+------------------------+---------------------------------------------------------------------------------+---------+
; File Name with User-Entered Path ; Used in Netlist ; File Type              ; File Name with Absolute Path                                                    ; Library ;
+----------------------------------+-----------------+------------------------+---------------------------------------------------------------------------------+---------+
; decod_7seg.v                     ; yes             ; User Verilog HDL File  ; C:/Users/nalbe/OneDrive/Desktop/Circuitos-Digitais/PROJETO 2/decod_7seg.v       ;         ;
; Contador_2bits.v                 ; yes             ; User Verilog HDL File  ; C:/Users/nalbe/OneDrive/Desktop/Circuitos-Digitais/PROJETO 2/Contador_2bits.v   ;         ;
; flip_flop_d.v                    ; yes             ; User Verilog HDL File  ; C:/Users/nalbe/OneDrive/Desktop/Circuitos-Digitais/PROJETO 2/flip_flop_d.v      ;         ;
; divided_frequecy.v               ; yes             ; User Verilog HDL File  ; C:/Users/nalbe/OneDrive/Desktop/Circuitos-Digitais/PROJETO 2/divided_frequecy.v ;         ;
; Demux1_4_7seg.v                  ; yes             ; User Verilog HDL File  ; C:/Users/nalbe/OneDrive/Desktop/Circuitos-Digitais/PROJETO 2/Demux1_4_7seg.v    ;         ;
; mux_display.v                    ; yes             ; User Verilog HDL File  ; C:/Users/nalbe/OneDrive/Desktop/Circuitos-Digitais/PROJETO 2/mux_display.v      ;         ;
+----------------------------------+-----------------+------------------------+---------------------------------------------------------------------------------+---------+


+----------------------------------------------------------------------------------------+
; Analysis & Synthesis Resource Usage Summary                                            ;
+---------------------------------------------+------------------------------------------+
; Resource                                    ; Usage                                    ;
+---------------------------------------------+------------------------------------------+
; Total logic elements                        ; 24                                       ;
;     -- Combinational with no register       ; 6                                        ;
;     -- Register only                        ; 0                                        ;
;     -- Combinational with a register        ; 18                                       ;
;                                             ;                                          ;
; Logic element usage by number of LUT inputs ;                                          ;
;     -- 4 input functions                    ; 0                                        ;
;     -- 3 input functions                    ; 0                                        ;
;     -- 2 input functions                    ; 6                                        ;
;     -- 1 input functions                    ; 18                                       ;
;     -- 0 input functions                    ; 0                                        ;
;                                             ;                                          ;
; Logic elements by mode                      ;                                          ;
;     -- normal mode                          ; 24                                       ;
;     -- arithmetic mode                      ; 0                                        ;
;     -- qfbk mode                            ; 0                                        ;
;     -- register cascade mode                ; 0                                        ;
;     -- synchronous clear/load mode          ; 0                                        ;
;     -- asynchronous clear/load mode         ; 0                                        ;
;                                             ;                                          ;
; Total registers                             ; 18                                       ;
; I/O pins                                    ; 13                                       ;
; Maximum fan-out node                        ; Contador_2bits:cont_2|flip_flop_d:dff0|q ;
; Maximum fan-out                             ; 11                                       ;
; Total fan-out                               ; 59                                       ;
; Average fan-out                             ; 1.59                                     ;
+---------------------------------------------+------------------------------------------+


+----------------------------------------------------------------------------------------------------------------------------------------------------------------------------------------------------------------------------------------------------------------------------+
; Analysis & Synthesis Resource Utilization by Entity                                                                                                                                                                                                                        ;
+-----------------------------+-------------+--------------+------------+------+--------------+--------------+-------------------+------------------+-----------------+------------+-------------------------------------------------------+------------------+--------------+
; Compilation Hierarchy Node  ; Logic Cells ; LC Registers ; UFM Blocks ; Pins ; Virtual Pins ; LUT-Only LCs ; Register-Only LCs ; LUT/Register LCs ; Carry Chain LCs ; Packed LCs ; Full Hierarchy Name                                   ; Entity Name      ; Library Name ;
+-----------------------------+-------------+--------------+------------+------+--------------+--------------+-------------------+------------------+-----------------+------------+-------------------------------------------------------+------------------+--------------+
; |mux_display                ; 24 (0)      ; 18           ; 0          ; 13   ; 0            ; 6 (0)        ; 0 (0)             ; 18 (0)           ; 0 (0)           ; 0 (0)      ; |mux_display                                          ; mux_display      ; work         ;
;    |Contador_2bits:cont_2|  ; 2 (0)       ; 2            ; 0          ; 0    ; 0            ; 0 (0)        ; 0 (0)             ; 2 (0)            ; 0 (0)           ; 0 (0)      ; |mux_display|Contador_2bits:cont_2                    ; Contador_2bits   ; work         ;
;       |flip_flop_d:dff0|    ; 1 (1)       ; 1            ; 0          ; 0    ; 0            ; 0 (0)        ; 0 (0)             ; 1 (1)            ; 0 (0)           ; 0 (0)      ; |mux_display|Contador_2bits:cont_2|flip_flop_d:dff0   ; flip_flop_d      ; work         ;
;       |flip_flop_d:dff1|    ; 1 (1)       ; 1            ; 0          ; 0    ; 0            ; 0 (0)        ; 0 (0)             ; 1 (1)            ; 0 (0)           ; 0 (0)      ; |mux_display|Contador_2bits:cont_2|flip_flop_d:dff1   ; flip_flop_d      ; work         ;
;    |Demux1_4_7seg:demux2|   ; 3 (3)       ; 0            ; 0          ; 0    ; 0            ; 3 (3)        ; 0 (0)             ; 0 (0)            ; 0 (0)           ; 0 (0)      ; |mux_display|Demux1_4_7seg:demux2                     ; Demux1_4_7seg    ; work         ;
;    |decod_7seg:dec_7|       ; 3 (3)       ; 0            ; 0          ; 0    ; 0            ; 3 (3)        ; 0 (0)             ; 0 (0)            ; 0 (0)           ; 0 (0)      ; |mux_display|decod_7seg:dec_7                         ; decod_7seg       ; work         ;
;    |divided_frequecy:did_f| ; 16 (0)      ; 16           ; 0          ; 0    ; 0            ; 0 (0)        ; 0 (0)             ; 16 (0)           ; 0 (0)           ; 0 (0)      ; |mux_display|divided_frequecy:did_f                   ; divided_frequecy ; work         ;
;       |flip_flop_d:dff0|    ; 1 (1)       ; 1            ; 0          ; 0    ; 0            ; 0 (0)        ; 0 (0)             ; 1 (1)            ; 0 (0)           ; 0 (0)      ; |mux_display|divided_frequecy:did_f|flip_flop_d:dff0  ; flip_flop_d      ; work         ;
;       |flip_flop_d:dff10|   ; 1 (1)       ; 1            ; 0          ; 0    ; 0            ; 0 (0)        ; 0 (0)             ; 1 (1)            ; 0 (0)           ; 0 (0)      ; |mux_display|divided_frequecy:did_f|flip_flop_d:dff10 ; flip_flop_d      ; work         ;
;       |flip_flop_d:dff11|   ; 1 (1)       ; 1            ; 0          ; 0    ; 0            ; 0 (0)        ; 0 (0)             ; 1 (1)            ; 0 (0)           ; 0 (0)      ; |mux_display|divided_frequecy:did_f|flip_flop_d:dff11 ; flip_flop_d      ; work         ;
;       |flip_flop_d:dff12|   ; 1 (1)       ; 1            ; 0          ; 0    ; 0            ; 0 (0)        ; 0 (0)             ; 1 (1)            ; 0 (0)           ; 0 (0)      ; |mux_display|divided_frequecy:did_f|flip_flop_d:dff12 ; flip_flop_d      ; work         ;
;       |flip_flop_d:dff13|   ; 1 (1)       ; 1            ; 0          ; 0    ; 0            ; 0 (0)        ; 0 (0)             ; 1 (1)            ; 0 (0)           ; 0 (0)      ; |mux_display|divided_frequecy:did_f|flip_flop_d:dff13 ; flip_flop_d      ; work         ;
;       |flip_flop_d:dff14|   ; 1 (1)       ; 1            ; 0          ; 0    ; 0            ; 0 (0)        ; 0 (0)             ; 1 (1)            ; 0 (0)           ; 0 (0)      ; |mux_display|divided_frequecy:did_f|flip_flop_d:dff14 ; flip_flop_d      ; work         ;
;       |flip_flop_d:dff15|   ; 1 (1)       ; 1            ; 0          ; 0    ; 0            ; 0 (0)        ; 0 (0)             ; 1 (1)            ; 0 (0)           ; 0 (0)      ; |mux_display|divided_frequecy:did_f|flip_flop_d:dff15 ; flip_flop_d      ; work         ;
;       |flip_flop_d:dff1|    ; 1 (1)       ; 1            ; 0          ; 0    ; 0            ; 0 (0)        ; 0 (0)             ; 1 (1)            ; 0 (0)           ; 0 (0)      ; |mux_display|divided_frequecy:did_f|flip_flop_d:dff1  ; flip_flop_d      ; work         ;
;       |flip_flop_d:dff2|    ; 1 (1)       ; 1            ; 0          ; 0    ; 0            ; 0 (0)        ; 0 (0)             ; 1 (1)            ; 0 (0)           ; 0 (0)      ; |mux_display|divided_frequecy:did_f|flip_flop_d:dff2  ; flip_flop_d      ; work         ;
;       |flip_flop_d:dff3|    ; 1 (1)       ; 1            ; 0          ; 0    ; 0            ; 0 (0)        ; 0 (0)             ; 1 (1)            ; 0 (0)           ; 0 (0)      ; |mux_display|divided_frequecy:did_f|flip_flop_d:dff3  ; flip_flop_d      ; work         ;
;       |flip_flop_d:dff4|    ; 1 (1)       ; 1            ; 0          ; 0    ; 0            ; 0 (0)        ; 0 (0)             ; 1 (1)            ; 0 (0)           ; 0 (0)      ; |mux_display|divided_frequecy:did_f|flip_flop_d:dff4  ; flip_flop_d      ; work         ;
;       |flip_flop_d:dff5|    ; 1 (1)       ; 1            ; 0          ; 0    ; 0            ; 0 (0)        ; 0 (0)             ; 1 (1)            ; 0 (0)           ; 0 (0)      ; |mux_display|divided_frequecy:did_f|flip_flop_d:dff5  ; flip_flop_d      ; work         ;
;       |flip_flop_d:dff6|    ; 1 (1)       ; 1            ; 0          ; 0    ; 0            ; 0 (0)        ; 0 (0)             ; 1 (1)            ; 0 (0)           ; 0 (0)      ; |mux_display|divided_frequecy:did_f|flip_flop_d:dff6  ; flip_flop_d      ; work         ;
;       |flip_flop_d:dff7|    ; 1 (1)       ; 1            ; 0          ; 0    ; 0            ; 0 (0)        ; 0 (0)             ; 1 (1)            ; 0 (0)           ; 0 (0)      ; |mux_display|divided_frequecy:did_f|flip_flop_d:dff7  ; flip_flop_d      ; work         ;
;       |flip_flop_d:dff8|    ; 1 (1)       ; 1            ; 0          ; 0    ; 0            ; 0 (0)        ; 0 (0)             ; 1 (1)            ; 0 (0)           ; 0 (0)      ; |mux_display|divided_frequecy:did_f|flip_flop_d:dff8  ; flip_flop_d      ; work         ;
;       |flip_flop_d:dff9|    ; 1 (1)       ; 1            ; 0          ; 0    ; 0            ; 0 (0)        ; 0 (0)             ; 1 (1)            ; 0 (0)           ; 0 (0)      ; |mux_display|divided_frequecy:did_f|flip_flop_d:dff9  ; flip_flop_d      ; work         ;
+-----------------------------+-------------+--------------+------------+------+--------------+--------------+-------------------+------------------+-----------------+------------+-------------------------------------------------------+------------------+--------------+
Note: For table entries with two numbers listed, the numbers in parentheses indicate the number of resources of the given type used by the specific entity alone. The numbers listed outside of parentheses indicate the total resources of the given type used by the specific entity and all of its sub-entities in the hierarchy.


+------------------------------------------------------+
; General Register Statistics                          ;
+----------------------------------------------+-------+
; Statistic                                    ; Value ;
+----------------------------------------------+-------+
; Total registers                              ; 18    ;
; Number of registers using Synchronous Clear  ; 0     ;
; Number of registers using Synchronous Load   ; 0     ;
; Number of registers using Asynchronous Clear ; 0     ;
; Number of registers using Asynchronous Load  ; 0     ;
; Number of registers using Clock Enable       ; 0     ;
; Number of registers using Preset             ; 0     ;
+----------------------------------------------+-------+


+--------------------------------------------------+
; Port Connectivity Checks: "Demux1_4_7seg:demux2" ;
+--------+-------+----------+----------------------+
; Port   ; Type  ; Severity ; Details              ;
+--------+-------+----------+----------------------+
; ligado ; Input ; Info     ; Stuck at VCC         ;
+--------+-------+----------+----------------------+


+----------------------------------------------------------------------------------------------------------------+
; Port Connectivity Checks: "Contador_2bits:cont_2|flip_flop_d:dff1"                                             ;
+------+--------+----------+-------------------------------------------------------------------------------------+
; Port ; Type   ; Severity ; Details                                                                             ;
+------+--------+----------+-------------------------------------------------------------------------------------+
; q    ; Output ; Info     ; Connected to dangling logic. Logic that only feeds a dangling port will be removed. ;
+------+--------+----------+-------------------------------------------------------------------------------------+


+---------------------------------------------------+
; Port Connectivity Checks: "Contador_2bits:cont_2" ;
+------+-------+----------+-------------------------+
; Port ; Type  ; Severity ; Details                 ;
+------+-------+----------+-------------------------+
; rstn ; Input ; Info     ; Stuck at VCC            ;
+------+-------+----------+-------------------------+


+----------------------------------------------------------------------------------------------------------------+
; Port Connectivity Checks: "divided_frequecy:did_f|flip_flop_d:dff17"                                           ;
+------+--------+----------+-------------------------------------------------------------------------------------+
; Port ; Type   ; Severity ; Details                                                                             ;
+------+--------+----------+-------------------------------------------------------------------------------------+
; q    ; Output ; Info     ; Connected to dangling logic. Logic that only feeds a dangling port will be removed. ;
+------+--------+----------+-------------------------------------------------------------------------------------+


+-----------------------------------------------------------------------------------------------------------------------+
; Port Connectivity Checks: "divided_frequecy:did_f"                                                                    ;
+-------------+--------+----------+-------------------------------------------------------------------------------------+
; Port        ; Type   ; Severity ; Details                                                                             ;
+-------------+--------+----------+-------------------------------------------------------------------------------------+
; rstn        ; Input  ; Info     ; Stuck at VCC                                                                        ;
; out[17..16] ; Output ; Info     ; Connected to dangling logic. Logic that only feeds a dangling port will be removed. ;
; out[14..0]  ; Output ; Info     ; Connected to dangling logic. Logic that only feeds a dangling port will be removed. ;
+-------------+--------+----------+-------------------------------------------------------------------------------------+


+-------------------------------+
; Analysis & Synthesis Messages ;
+-------------------------------+
Info: *******************************************************************
Info: Running Quartus Prime Analysis & Synthesis
    Info: Version 20.1.1 Build 720 11/11/2020 SJ Lite Edition
    Info: Processing started: Wed Nov 29 00:56:53 2023
Info: Command: quartus_map --read_settings_files=on --write_settings_files=off PBL2 -c PBL2
Warning (18236): Number of processors has not been specified which may cause overloading on shared machines.  Set the global assignment NUM_PARALLEL_PROCESSORS in your QSF to an appropriate value for best performance.
Info (20030): Parallel compilation is enabled and will use 12 of the 12 processors detected
Info (12021): Found 1 design units, including 1 entities, in source file pbl2.v
    Info (12023): Found entity 1: PBL2 File: C:/Users/nalbe/OneDrive/Desktop/Circuitos-Digitais/PROJETO 2/PBL2.v Line: 1
Info (12021): Found 0 design units, including 0 entities, in source file jk_ff.v
Info (12021): Found 1 design units, including 1 entities, in source file decod_7seg.v
    Info (12023): Found entity 1: decod_7seg File: C:/Users/nalbe/OneDrive/Desktop/Circuitos-Digitais/PROJETO 2/decod_7seg.v Line: 1
Info (12021): Found 1 design units, including 1 entities, in source file d_ff.v
    Info (12023): Found entity 1: d_ff File: C:/Users/nalbe/OneDrive/Desktop/Circuitos-Digitais/PROJETO 2/d_ff.v Line: 1
Info (12021): Found 1 design units, including 1 entities, in source file mux2_1.v
    Info (12023): Found entity 1: mux2_1 File: C:/Users/nalbe/OneDrive/Desktop/Circuitos-Digitais/PROJETO 2/mux2_1.v Line: 1
Info (12021): Found 1 design units, including 1 entities, in source file contador.v
    Info (12023): Found entity 1: contador File: C:/Users/nalbe/OneDrive/Desktop/Circuitos-Digitais/PROJETO 2/contador.v Line: 1
Info (12021): Found 1 design units, including 1 entities, in source file decod_linha_matriz.v
    Info (12023): Found entity 1: decod_linha_matriz File: C:/Users/nalbe/OneDrive/Desktop/Circuitos-Digitais/PROJETO 2/decod_linha_matriz.v Line: 1
Info (12021): Found 1 design units, including 1 entities, in source file mux8_1.v
    Info (12023): Found entity 1: mux8_1 File: C:/Users/nalbe/OneDrive/Desktop/Circuitos-Digitais/PROJETO 2/mux8_1.v Line: 1
Info (12021): Found 1 design units, including 1 entities, in source file divisor_clk.v
    Info (12023): Found entity 1: divisor_clk File: C:/Users/nalbe/OneDrive/Desktop/Circuitos-Digitais/PROJETO 2/divisor_clk.v Line: 1
Info (12021): Found 1 design units, including 1 entities, in source file contador_2bits.v
    Info (12023): Found entity 1: Contador_2bits File: C:/Users/nalbe/OneDrive/Desktop/Circuitos-Digitais/PROJETO 2/Contador_2bits.v Line: 1
Info (12021): Found 1 design units, including 1 entities, in source file flip_flop_d.v
    Info (12023): Found entity 1: flip_flop_d File: C:/Users/nalbe/OneDrive/Desktop/Circuitos-Digitais/PROJETO 2/flip_flop_d.v Line: 1
Info (12021): Found 1 design units, including 1 entities, in source file divided_frequecy.v
    Info (12023): Found entity 1: divided_frequecy File: C:/Users/nalbe/OneDrive/Desktop/Circuitos-Digitais/PROJETO 2/divided_frequecy.v Line: 1
Info (12021): Found 1 design units, including 1 entities, in source file demux1_4_7seg.v
    Info (12023): Found entity 1: Demux1_4_7seg File: C:/Users/nalbe/OneDrive/Desktop/Circuitos-Digitais/PROJETO 2/Demux1_4_7seg.v Line: 1
Info (12021): Found 1 design units, including 1 entities, in source file mux_display.v
    Info (12023): Found entity 1: mux_display File: C:/Users/nalbe/OneDrive/Desktop/Circuitos-Digitais/PROJETO 2/mux_display.v Line: 1
Warning (10236): Verilog HDL Implicit Net warning at contador.v(5): created implicit net for "SUP1" File: C:/Users/nalbe/OneDrive/Desktop/Circuitos-Digitais/PROJETO 2/contador.v Line: 5
Warning (10236): Verilog HDL Implicit Net warning at contador.v(11): created implicit net for "SUP4" File: C:/Users/nalbe/OneDrive/Desktop/Circuitos-Digitais/PROJETO 2/contador.v Line: 11
Warning (10236): Verilog HDL Implicit Net warning at contador.v(11): created implicit net for "SUP2" File: C:/Users/nalbe/OneDrive/Desktop/Circuitos-Digitais/PROJETO 2/contador.v Line: 11
Warning (10236): Verilog HDL Implicit Net warning at contador.v(19): created implicit net for "SUP5" File: C:/Users/nalbe/OneDrive/Desktop/Circuitos-Digitais/PROJETO 2/contador.v Line: 19
Warning (10236): Verilog HDL Implicit Net warning at contador.v(20): created implicit net for "SUP6" File: C:/Users/nalbe/OneDrive/Desktop/Circuitos-Digitais/PROJETO 2/contador.v Line: 20
Warning (10236): Verilog HDL Implicit Net warning at contador.v(20): created implicit net for "SUP3" File: C:/Users/nalbe/OneDrive/Desktop/Circuitos-Digitais/PROJETO 2/contador.v Line: 20
Warning (10236): Verilog HDL Implicit Net warning at mux8_1.v(13): created implicit net for "T56" File: C:/Users/nalbe/OneDrive/Desktop/Circuitos-Digitais/PROJETO 2/mux8_1.v Line: 13
Warning (10236): Verilog HDL Implicit Net warning at mux8_1.v(14): created implicit net for "T57" File: C:/Users/nalbe/OneDrive/Desktop/Circuitos-Digitais/PROJETO 2/mux8_1.v Line: 14
Warning (10236): Verilog HDL Implicit Net warning at mux8_1.v(15): created implicit net for "T58" File: C:/Users/nalbe/OneDrive/Desktop/Circuitos-Digitais/PROJETO 2/mux8_1.v Line: 15
Warning (10236): Verilog HDL Implicit Net warning at mux8_1.v(16): created implicit net for "T59" File: C:/Users/nalbe/OneDrive/Desktop/Circuitos-Digitais/PROJETO 2/mux8_1.v Line: 16
Warning (10236): Verilog HDL Implicit Net warning at mux8_1.v(17): created implicit net for "T60" File: C:/Users/nalbe/OneDrive/Desktop/Circuitos-Digitais/PROJETO 2/mux8_1.v Line: 17
Warning (10236): Verilog HDL Implicit Net warning at mux8_1.v(18): created implicit net for "T61" File: C:/Users/nalbe/OneDrive/Desktop/Circuitos-Digitais/PROJETO 2/mux8_1.v Line: 18
Warning (10236): Verilog HDL Implicit Net warning at mux8_1.v(19): created implicit net for "T62" File: C:/Users/nalbe/OneDrive/Desktop/Circuitos-Digitais/PROJETO 2/mux8_1.v Line: 19
Warning (10236): Verilog HDL Implicit Net warning at mux8_1.v(20): created implicit net for "T63" File: C:/Users/nalbe/OneDrive/Desktop/Circuitos-Digitais/PROJETO 2/mux8_1.v Line: 20
Warning (10236): Verilog HDL Implicit Net warning at mux8_1.v(23): created implicit net for "T64" File: C:/Users/nalbe/OneDrive/Desktop/Circuitos-Digitais/PROJETO 2/mux8_1.v Line: 23
Warning (10236): Verilog HDL Implicit Net warning at mux8_1.v(24): created implicit net for "T65" File: C:/Users/nalbe/OneDrive/Desktop/Circuitos-Digitais/PROJETO 2/mux8_1.v Line: 24
Warning (10236): Verilog HDL Implicit Net warning at mux8_1.v(25): created implicit net for "T66" File: C:/Users/nalbe/OneDrive/Desktop/Circuitos-Digitais/PROJETO 2/mux8_1.v Line: 25
Warning (10236): Verilog HDL Implicit Net warning at mux8_1.v(26): created implicit net for "T67" File: C:/Users/nalbe/OneDrive/Desktop/Circuitos-Digitais/PROJETO 2/mux8_1.v Line: 26
Warning (10236): Verilog HDL Implicit Net warning at mux8_1.v(27): created implicit net for "T68" File: C:/Users/nalbe/OneDrive/Desktop/Circuitos-Digitais/PROJETO 2/mux8_1.v Line: 27
Warning (10236): Verilog HDL Implicit Net warning at mux8_1.v(28): created implicit net for "T69" File: C:/Users/nalbe/OneDrive/Desktop/Circuitos-Digitais/PROJETO 2/mux8_1.v Line: 28
Warning (10236): Verilog HDL Implicit Net warning at mux8_1.v(29): created implicit net for "T70" File: C:/Users/nalbe/OneDrive/Desktop/Circuitos-Digitais/PROJETO 2/mux8_1.v Line: 29
Warning (10236): Verilog HDL Implicit Net warning at mux8_1.v(30): created implicit net for "T71" File: C:/Users/nalbe/OneDrive/Desktop/Circuitos-Digitais/PROJETO 2/mux8_1.v Line: 30
Warning (10236): Verilog HDL Implicit Net warning at mux8_1.v(33): created implicit net for "T72" File: C:/Users/nalbe/OneDrive/Desktop/Circuitos-Digitais/PROJETO 2/mux8_1.v Line: 33
Warning (10236): Verilog HDL Implicit Net warning at mux8_1.v(34): created implicit net for "T73" File: C:/Users/nalbe/OneDrive/Desktop/Circuitos-Digitais/PROJETO 2/mux8_1.v Line: 34
Warning (10236): Verilog HDL Implicit Net warning at mux8_1.v(35): created implicit net for "T74" File: C:/Users/nalbe/OneDrive/Desktop/Circuitos-Digitais/PROJETO 2/mux8_1.v Line: 35
Warning (10236): Verilog HDL Implicit Net warning at mux8_1.v(36): created implicit net for "T75" File: C:/Users/nalbe/OneDrive/Desktop/Circuitos-Digitais/PROJETO 2/mux8_1.v Line: 36
Warning (10236): Verilog HDL Implicit Net warning at mux8_1.v(37): created implicit net for "T76" File: C:/Users/nalbe/OneDrive/Desktop/Circuitos-Digitais/PROJETO 2/mux8_1.v Line: 37
Warning (10236): Verilog HDL Implicit Net warning at mux8_1.v(38): created implicit net for "T77" File: C:/Users/nalbe/OneDrive/Desktop/Circuitos-Digitais/PROJETO 2/mux8_1.v Line: 38
Warning (10236): Verilog HDL Implicit Net warning at mux8_1.v(39): created implicit net for "T78" File: C:/Users/nalbe/OneDrive/Desktop/Circuitos-Digitais/PROJETO 2/mux8_1.v Line: 39
Warning (10236): Verilog HDL Implicit Net warning at mux8_1.v(40): created implicit net for "T79" File: C:/Users/nalbe/OneDrive/Desktop/Circuitos-Digitais/PROJETO 2/mux8_1.v Line: 40
Warning (10236): Verilog HDL Implicit Net warning at mux8_1.v(43): created implicit net for "T80" File: C:/Users/nalbe/OneDrive/Desktop/Circuitos-Digitais/PROJETO 2/mux8_1.v Line: 43
Warning (10236): Verilog HDL Implicit Net warning at mux8_1.v(44): created implicit net for "T81" File: C:/Users/nalbe/OneDrive/Desktop/Circuitos-Digitais/PROJETO 2/mux8_1.v Line: 44
Warning (10236): Verilog HDL Implicit Net warning at mux8_1.v(45): created implicit net for "T82" File: C:/Users/nalbe/OneDrive/Desktop/Circuitos-Digitais/PROJETO 2/mux8_1.v Line: 45
Warning (10236): Verilog HDL Implicit Net warning at mux8_1.v(46): created implicit net for "T83" File: C:/Users/nalbe/OneDrive/Desktop/Circuitos-Digitais/PROJETO 2/mux8_1.v Line: 46
Warning (10236): Verilog HDL Implicit Net warning at mux8_1.v(47): created implicit net for "T84" File: C:/Users/nalbe/OneDrive/Desktop/Circuitos-Digitais/PROJETO 2/mux8_1.v Line: 47
Warning (10236): Verilog HDL Implicit Net warning at mux8_1.v(48): created implicit net for "T85" File: C:/Users/nalbe/OneDrive/Desktop/Circuitos-Digitais/PROJETO 2/mux8_1.v Line: 48
Warning (10236): Verilog HDL Implicit Net warning at mux8_1.v(49): created implicit net for "T86" File: C:/Users/nalbe/OneDrive/Desktop/Circuitos-Digitais/PROJETO 2/mux8_1.v Line: 49
Warning (10236): Verilog HDL Implicit Net warning at mux8_1.v(50): created implicit net for "T87" File: C:/Users/nalbe/OneDrive/Desktop/Circuitos-Digitais/PROJETO 2/mux8_1.v Line: 50
Warning (10236): Verilog HDL Implicit Net warning at mux8_1.v(53): created implicit net for "T88" File: C:/Users/nalbe/OneDrive/Desktop/Circuitos-Digitais/PROJETO 2/mux8_1.v Line: 53
Warning (10236): Verilog HDL Implicit Net warning at mux8_1.v(54): created implicit net for "T89" File: C:/Users/nalbe/OneDrive/Desktop/Circuitos-Digitais/PROJETO 2/mux8_1.v Line: 54
Warning (10236): Verilog HDL Implicit Net warning at mux8_1.v(55): created implicit net for "T90" File: C:/Users/nalbe/OneDrive/Desktop/Circuitos-Digitais/PROJETO 2/mux8_1.v Line: 55
Warning (10236): Verilog HDL Implicit Net warning at mux8_1.v(56): created implicit net for "T91" File: C:/Users/nalbe/OneDrive/Desktop/Circuitos-Digitais/PROJETO 2/mux8_1.v Line: 56
Warning (10236): Verilog HDL Implicit Net warning at mux8_1.v(57): created implicit net for "T92" File: C:/Users/nalbe/OneDrive/Desktop/Circuitos-Digitais/PROJETO 2/mux8_1.v Line: 57
Warning (10236): Verilog HDL Implicit Net warning at mux8_1.v(58): created implicit net for "T93" File: C:/Users/nalbe/OneDrive/Desktop/Circuitos-Digitais/PROJETO 2/mux8_1.v Line: 58
Warning (10236): Verilog HDL Implicit Net warning at mux8_1.v(59): created implicit net for "T94" File: C:/Users/nalbe/OneDrive/Desktop/Circuitos-Digitais/PROJETO 2/mux8_1.v Line: 59
Warning (10236): Verilog HDL Implicit Net warning at mux8_1.v(60): created implicit net for "T95" File: C:/Users/nalbe/OneDrive/Desktop/Circuitos-Digitais/PROJETO 2/mux8_1.v Line: 60
Warning (10236): Verilog HDL Implicit Net warning at divisor_clk.v(23): created implicit net for "SUP4" File: C:/Users/nalbe/OneDrive/Desktop/Circuitos-Digitais/PROJETO 2/divisor_clk.v Line: 23
Warning (10236): Verilog HDL Implicit Net warning at divisor_clk.v(29): created implicit net for "SUP5" File: C:/Users/nalbe/OneDrive/Desktop/Circuitos-Digitais/PROJETO 2/divisor_clk.v Line: 29
Warning (10236): Verilog HDL Implicit Net warning at divisor_clk.v(35): created implicit net for "SUP6" File: C:/Users/nalbe/OneDrive/Desktop/Circuitos-Digitais/PROJETO 2/divisor_clk.v Line: 35
Warning (10236): Verilog HDL Implicit Net warning at divisor_clk.v(41): created implicit net for "SUP7" File: C:/Users/nalbe/OneDrive/Desktop/Circuitos-Digitais/PROJETO 2/divisor_clk.v Line: 41
Warning (10236): Verilog HDL Implicit Net warning at divisor_clk.v(47): created implicit net for "SUP8" File: C:/Users/nalbe/OneDrive/Desktop/Circuitos-Digitais/PROJETO 2/divisor_clk.v Line: 47
Warning (10236): Verilog HDL Implicit Net warning at divisor_clk.v(53): created implicit net for "SUP9" File: C:/Users/nalbe/OneDrive/Desktop/Circuitos-Digitais/PROJETO 2/divisor_clk.v Line: 53
Warning (10236): Verilog HDL Implicit Net warning at divisor_clk.v(59): created implicit net for "SUP10" File: C:/Users/nalbe/OneDrive/Desktop/Circuitos-Digitais/PROJETO 2/divisor_clk.v Line: 59
Info (12127): Elaborating entity "mux_display" for the top level hierarchy
Info (12128): Elaborating entity "divided_frequecy" for hierarchy "divided_frequecy:did_f" File: C:/Users/nalbe/OneDrive/Desktop/Circuitos-Digitais/PROJETO 2/mux_display.v Line: 10
Info (12128): Elaborating entity "flip_flop_d" for hierarchy "divided_frequecy:did_f|flip_flop_d:dff0" File: C:/Users/nalbe/OneDrive/Desktop/Circuitos-Digitais/PROJETO 2/divided_frequecy.v Line: 13
Info (12128): Elaborating entity "Contador_2bits" for hierarchy "Contador_2bits:cont_2" File: C:/Users/nalbe/OneDrive/Desktop/Circuitos-Digitais/PROJETO 2/mux_display.v Line: 11
Info (12128): Elaborating entity "Demux1_4_7seg" for hierarchy "Demux1_4_7seg:demux2" File: C:/Users/nalbe/OneDrive/Desktop/Circuitos-Digitais/PROJETO 2/mux_display.v Line: 13
Info (12128): Elaborating entity "decod_7seg" for hierarchy "decod_7seg:dec_7" File: C:/Users/nalbe/OneDrive/Desktop/Circuitos-Digitais/PROJETO 2/mux_display.v Line: 14
Warning (13024): Output pins are stuck at VCC or GND
    Warning (13410): Pin "dp" is stuck at VCC File: C:/Users/nalbe/OneDrive/Desktop/Circuitos-Digitais/PROJETO 2/mux_display.v Line: 6
Info (21057): Implemented 37 device resources after synthesis - the final resource count might be different
    Info (21058): Implemented 1 input pins
    Info (21059): Implemented 12 output pins
    Info (21061): Implemented 24 logic cells
Info: Quartus Prime Analysis & Synthesis was successful. 0 errors, 56 warnings
    Info: Peak virtual memory: 4701 megabytes
    Info: Processing ended: Wed Nov 29 00:57:02 2023
    Info: Elapsed time: 00:00:09
    Info: Total CPU time (on all processors): 00:00:19


