Flow report for PBL2
Tue Sep 26 23:47:44 2023
Quartus Prime Version 20.1.0 Build 711 06/05/2020 SJ Lite Edition


---------------------
; Table of Contents ;
---------------------
  1. Legal Notice
  2. Flow Summary
  3. Flow Settings
  4. Flow Non-Default Global Settings
  5. Flow Elapsed Time
  6. Flow OS Summary
  7. Flow Log
  8. Flow Messages
  9. Flow Suppressed Messages



----------------
; Legal Notice ;
----------------
Copyright (C) 2020  Intel Corporation. All rights reserved.
Your use of Intel Corporation's design tools, logic functions 
and other software and tools, and any partner logic 
functions, and any output files from any of the foregoing 
(including device programming or simulation files), and any 
associated documentation or information are expressly subject 
to the terms and conditions of the Intel Program License 
Subscription Agreement, the Intel Quartus Prime License Agreement,
the Intel FPGA IP License Agreement, or other applicable license
agreement, including, without limitation, that your use is for
the sole purpose of programming logic devices manufactured by
Intel and sold by Intel or its authorized distributors.  Please
refer to the applicable agreement for further details, at
https://fpgasoftware.intel.com/eula.



+---------------------------------------------------------------------+
; Flow Summary                                                        ;
+-----------------------+---------------------------------------------+
; Flow Status           ; Successful - Tue Sep 26 23:47:41 2023       ;
; Quartus Prime Version ; 20.1.0 Build 711 06/05/2020 SJ Lite Edition ;
; Revision Name         ; PBL2                                        ;
; Top-level Entity Name ; PBL2                                        ;
; Family                ; MAX II                                      ;
; Device                ; EPM240T100C5                                ;
; Timing Models         ; Final                                       ;
; Total logic elements  ; 1 / 240 ( < 1 % )                           ;
; Total pins            ; 16 / 80 ( 20 % )                            ;
; Total virtual pins    ; 0                                           ;
; UFM blocks            ; 0 / 1 ( 0 % )                               ;
+-----------------------+---------------------------------------------+


+-----------------------------------------+
; Flow Settings                           ;
+-------------------+---------------------+
; Option            ; Setting             ;
+-------------------+---------------------+
; Start date & time ; 09/26/2023 23:47:11 ;
; Main task         ; Compilation         ;
; Revision Name     ; PBL2                ;
+-------------------+---------------------+


+------------------------------------------------------------------------------------------------------------------+
; Flow Non-Default Global Settings                                                                                 ;
+---------------------------------------+-------------------------------+---------------+-------------+------------+
; Assignment Name                       ; Value                         ; Default Value ; Entity Name ; Section Id ;
+---------------------------------------+-------------------------------+---------------+-------------+------------+
; COMPILER_SIGNATURE_ID                 ; 2544024770885.169578283121024 ; --            ; --          ; --         ;
; MAX_CORE_JUNCTION_TEMP                ; 85                            ; --            ; --          ; --         ;
; MIN_CORE_JUNCTION_TEMP                ; 0                             ; --            ; --          ; --         ;
; POWER_EXT_SUPPLY_VOLTAGE_TO_REGULATOR ; 3.3V                          ; --            ; --          ; --         ;
; PROJECT_OUTPUT_DIRECTORY              ; output_files                  ; --            ; --          ; --         ;
+---------------------------------------+-------------------------------+---------------+-------------+------------+


+--------------------------------------------------------------------------------------------------------------------------+
; Flow Elapsed Time                                                                                                        ;
+----------------------+--------------+-------------------------+---------------------+------------------------------------+
; Module Name          ; Elapsed Time ; Average Processors Used ; Peak Virtual Memory ; Total CPU Time (on all processors) ;
+----------------------+--------------+-------------------------+---------------------+------------------------------------+
; Analysis & Synthesis ; 00:00:16     ; 1.0                     ; 4699 MB             ; 00:00:32                           ;
; Fitter               ; 00:00:08     ; 1.0                     ; 5327 MB             ; 00:00:02                           ;
; Assembler            ; 00:00:01     ; 1.0                     ; 4658 MB             ; 00:00:01                           ;
; Timing Analyzer      ; 00:00:01     ; 1.0                     ; 4676 MB             ; 00:00:01                           ;
; Total                ; 00:00:26     ; --                      ; --                  ; 00:00:36                           ;
+----------------------+--------------+-------------------------+---------------------+------------------------------------+


+------------------------------------------------------------------------------------+
; Flow OS Summary                                                                    ;
+----------------------+------------------+------------+------------+----------------+
; Module Name          ; Machine Hostname ; OS Name    ; OS Version ; Processor type ;
+----------------------+------------------+------------+------------+----------------+
; Analysis & Synthesis ; DESKTOP-MOL6SU4  ; Windows 10 ; 10.0       ; x86_64         ;
; Fitter               ; DESKTOP-MOL6SU4  ; Windows 10 ; 10.0       ; x86_64         ;
; Assembler            ; DESKTOP-MOL6SU4  ; Windows 10 ; 10.0       ; x86_64         ;
; Timing Analyzer      ; DESKTOP-MOL6SU4  ; Windows 10 ; 10.0       ; x86_64         ;
+----------------------+------------------+------------+------------+----------------+


------------
; Flow Log ;
------------
quartus_map --read_settings_files=on --write_settings_files=off PBL2 -c PBL2
quartus_fit --read_settings_files=off --write_settings_files=off PBL2 -c PBL2
quartus_asm --read_settings_files=off --write_settings_files=off PBL2 -c PBL2
quartus_sta PBL2 -c PBL2



